Determining if the pthread_create exist failed with the following output:
Change Dir: /home/leegs/universal_robot/ur_kinematics/build/catkin_tools_prebuild/CMakeFiles/CMakeTmp

Run Build Command:"/usr/bin/make" "cmTC_d5212/fast"
/usr/bin/make -f CMakeFiles/cmTC_d5212.dir/build.make CMakeFiles/cmTC_d5212.dir/build
make[1]: Entering directory '/home/leegs/universal_robot/ur_kinematics/build/catkin_tools_prebuild/CMakeFiles/CMakeTmp'
Building C object CMakeFiles/cmTC_d5212.dir/CheckSymbolExists.c.o
/usr/bin/cc    -o CMakeFiles/cmTC_d5212.dir/CheckSymbolExists.c.o   -c /home/leegs/universal_robot/ur_kinematics/build/catkin_tools_prebuild/CMakeFiles/CMakeTmp/CheckSymbolExists.c
Linking C executable cmTC_d5212
/usr/bin/cmake -E cmake_link_script CMakeFiles/cmTC_d5212.dir/link.txt --verbose=1
/usr/bin/cc      -rdynamic CMakeFiles/cmTC_d5212.dir/CheckSymbolExists.c.o  -o cmTC_d5212 
CMakeFiles/cmTC_d5212.dir/CheckSymbolExists.c.o: In function `main':
CheckSymbolExists.c:(.text+0x1b): undefined reference to `pthread_create'
collect2: error: ld returned 1 exit status
CMakeFiles/cmTC_d5212.dir/build.make:97: recipe for target 'cmTC_d5212' failed
make[1]: *** [cmTC_d5212] Error 1
make[1]: Leaving directory '/home/leegs/universal_robot/ur_kinematics/build/catkin_tools_prebuild/CMakeFiles/CMakeTmp'
Makefile:126: recipe for target 'cmTC_d5212/fast' failed
make: *** [cmTC_d5212/fast] Error 2

File /home/leegs/universal_robot/ur_kinematics/build/catkin_tools_prebuild/CMakeFiles/CMakeTmp/CheckSymbolExists.c:
/* */
#include <pthread.h>

int main(int argc, char** argv)
{
  (void)argv;
#ifndef pthread_create
  return ((int*)(&pthread_create))[argc];
#else
  (void)argc;
  return 0;
#endif
}

Determining if the function pthread_create exists in the pthreads failed with the following output:
Change Dir: /home/leegs/universal_robot/ur_kinematics/build/catkin_tools_prebuild/CMakeFiles/CMakeTmp

Run Build Command:"/usr/bin/make" "cmTC_67c6e/fast"
/usr/bin/make -f CMakeFiles/cmTC_67c6e.dir/build.make CMakeFiles/cmTC_67c6e.dir/build
make[1]: Entering directory '/home/leegs/universal_robot/ur_kinematics/build/catkin_tools_prebuild/CMakeFiles/CMakeTmp'
Building C object CMakeFiles/cmTC_67c6e.dir/CheckFunctionExists.c.o
/usr/bin/cc   -DCHECK_FUNCTION_EXISTS=pthread_create   -o CMakeFiles/cmTC_67c6e.dir/CheckFunctionExists.c.o   -c /usr/share/cmake-3.10/Modules/CheckFunctionExists.c
Linking C executable cmTC_67c6e
/usr/bin/cmake -E cmake_link_script CMakeFiles/cmTC_67c6e.dir/link.txt --verbose=1
/usr/bin/cc  -DCHECK_FUNCTION_EXISTS=pthread_create    -rdynamic CMakeFiles/cmTC_67c6e.dir/CheckFunctionExists.c.o  -o cmTC_67c6e -lpthreads 
/usr/bin/ld: cannot find -lpthreads
collect2: error: ld returned 1 exit status
CMakeFiles/cmTC_67c6e.dir/build.make:97: recipe for target 'cmTC_67c6e' failed
make[1]: *** [cmTC_67c6e] Error 1
make[1]: Leaving directory '/home/leegs/universal_robot/ur_kinematics/build/catkin_tools_prebuild/CMakeFiles/CMakeTmp'
Makefile:126: recipe for target 'cmTC_67c6e/fast' failed
make: *** [cmTC_67c6e/fast] Error 2


